000 (5655175.000.000) 10/17 13:37:00 Job submitted from host: <128.83.120.183:39637?addrs=128.83.120.183-39637>
...
009 (5655175.000.000) 10/17 13:37:43 Job was aborted by the user.
	via condor_rm (by user cli23)
...
000 (5655295.000.000) 10/17 13:38:15 Job submitted from host: <128.83.120.183:39637?addrs=128.83.120.183-39637>
...
001 (5655295.000.000) 10/17 13:39:20 Job executing on host: <128.83.144.147:35043?addrs=128.83.144.147-35043>
...
006 (5655295.000.000) 10/17 13:39:31 Image size of job updated: 27020
	27  -  MemoryUsage of job (MB)
	27020  -  ResidentSetSize of job (KB)
...
006 (5655295.000.000) 10/17 13:44:31 Image size of job updated: 137696
	135  -  MemoryUsage of job (MB)
	137696  -  ResidentSetSize of job (KB)
...
006 (5655295.000.000) 10/17 13:49:32 Image size of job updated: 199856
	196  -  MemoryUsage of job (MB)
	199856  -  ResidentSetSize of job (KB)
...
006 (5655295.000.000) 10/17 13:54:32 Image size of job updated: 260268
	255  -  MemoryUsage of job (MB)
	260268  -  ResidentSetSize of job (KB)
...
006 (5655295.000.000) 10/17 13:59:32 Image size of job updated: 324684
	318  -  MemoryUsage of job (MB)
	324684  -  ResidentSetSize of job (KB)
...
006 (5655295.000.000) 10/17 14:04:33 Image size of job updated: 374992
	367  -  MemoryUsage of job (MB)
	374992  -  ResidentSetSize of job (KB)
...
006 (5655295.000.000) 10/17 14:09:34 Image size of job updated: 421896
	413  -  MemoryUsage of job (MB)
	421896  -  ResidentSetSize of job (KB)
...
006 (5655295.000.000) 10/17 14:14:34 Image size of job updated: 454236
	444  -  MemoryUsage of job (MB)
	454236  -  ResidentSetSize of job (KB)
...
006 (5655295.000.000) 10/17 14:17:37 Image size of job updated: 459120
	444  -  MemoryUsage of job (MB)
	454236  -  ResidentSetSize of job (KB)
...
005 (5655295.000.000) 10/17 14:17:37 Job terminated.
	(1) Normal termination (return value 0)
		Usr 0 00:37:22, Sys 0 00:00:53  -  Run Remote Usage
		Usr 0 00:00:00, Sys 0 00:00:00  -  Run Local Usage
		Usr 0 00:37:22, Sys 0 00:00:53  -  Total Remote Usage
		Usr 0 00:00:00, Sys 0 00:00:00  -  Total Local Usage
	0  -  Run Bytes Sent By Job
	0  -  Run Bytes Received By Job
	0  -  Total Bytes Sent By Job
	0  -  Total Bytes Received By Job
	Partitionable Resources :    Usage  Request Allocated 
	   Cpus                 :     1.00        1         1 
	   Disk (KB)            :     1           1  23788981 
	   Gpus                 :                           0 
	   Memory (MB)          :   444           1     21163 
...
