000 (5655180.000.000) 10/17 13:37:00 Job submitted from host: <128.83.120.183:39637?addrs=128.83.120.183-39637>
...
009 (5655180.000.000) 10/17 13:37:43 Job was aborted by the user.
	via condor_rm (by user cli23)
...
000 (5655300.000.000) 10/17 13:38:15 Job submitted from host: <128.83.120.183:39637?addrs=128.83.120.183-39637>
...
001 (5655300.000.000) 10/17 13:38:31 Job executing on host: <128.83.120.229:41619?addrs=128.83.120.229-41619>
...
006 (5655300.000.000) 10/17 13:38:40 Image size of job updated: 25432
	25  -  MemoryUsage of job (MB)
	25300  -  ResidentSetSize of job (KB)
...
006 (5655300.000.000) 10/17 13:43:40 Image size of job updated: 75156
	74  -  MemoryUsage of job (MB)
	75024  -  ResidentSetSize of job (KB)
...
006 (5655300.000.000) 10/17 13:48:40 Image size of job updated: 107424
	105  -  MemoryUsage of job (MB)
	107292  -  ResidentSetSize of job (KB)
...
006 (5655300.000.000) 10/17 13:53:41 Image size of job updated: 136652
	134  -  MemoryUsage of job (MB)
	136520  -  ResidentSetSize of job (KB)
...
006 (5655300.000.000) 10/17 13:58:42 Image size of job updated: 161600
	158  -  MemoryUsage of job (MB)
	161468  -  ResidentSetSize of job (KB)
...
006 (5655300.000.000) 10/17 14:03:42 Image size of job updated: 196112
	192  -  MemoryUsage of job (MB)
	195980  -  ResidentSetSize of job (KB)
...
006 (5655300.000.000) 10/17 14:08:44 Image size of job updated: 228064
	223  -  MemoryUsage of job (MB)
	227932  -  ResidentSetSize of job (KB)
...
006 (5655300.000.000) 10/17 14:13:44 Image size of job updated: 253540
	248  -  MemoryUsage of job (MB)
	253408  -  ResidentSetSize of job (KB)
...
006 (5655300.000.000) 10/17 14:18:44 Image size of job updated: 289444
	283  -  MemoryUsage of job (MB)
	289312  -  ResidentSetSize of job (KB)
...
006 (5655300.000.000) 10/17 14:23:45 Image size of job updated: 323368
	316  -  MemoryUsage of job (MB)
	323236  -  ResidentSetSize of job (KB)
...
006 (5655300.000.000) 10/17 14:28:46 Image size of job updated: 352408
	345  -  MemoryUsage of job (MB)
	352276  -  ResidentSetSize of job (KB)
...
006 (5655300.000.000) 10/17 14:33:46 Image size of job updated: 374292
	366  -  MemoryUsage of job (MB)
	374160  -  ResidentSetSize of job (KB)
...
006 (5655300.000.000) 10/17 14:38:47 Image size of job updated: 388416
	380  -  MemoryUsage of job (MB)
	388284  -  ResidentSetSize of job (KB)
...
004 (5655300.000.000) 10/17 14:39:12 Job was evicted.
	(0) Job was not checkpointed.
		Usr 0 00:59:42, Sys 0 00:00:47  -  Run Remote Usage
		Usr 0 00:00:00, Sys 0 00:00:00  -  Run Local Usage
	0  -  Run Bytes Sent By Job
	0  -  Run Bytes Received By Job
	Partitionable Resources :    Usage  Request Allocated 
	   Cpus                 :     0.99        1         1 
	   Disk (KB)            :     1           1   8092049 
	   Gpus                 :                           0 
	   Memory (MB)          :   380           1     12899 
...
001 (5655300.000.000) 10/17 14:40:07 Job executing on host: <128.83.139.146:36395?addrs=128.83.139.146-36395>
...
006 (5655300.000.000) 10/17 15:30:20 Image size of job updated: 445592
	436  -  MemoryUsage of job (MB)
	445460  -  ResidentSetSize of job (KB)
...
006 (5655300.000.000) 10/17 15:35:21 Image size of job updated: 483740
	473  -  MemoryUsage of job (MB)
	483608  -  ResidentSetSize of job (KB)
...
006 (5655300.000.000) 10/17 15:40:21 Image size of job updated: 523472
	512  -  MemoryUsage of job (MB)
	523340  -  ResidentSetSize of job (KB)
...
004 (5655300.000.000) 10/17 15:41:09 Job was evicted.
	(0) Job was not checkpointed.
		Usr 0 01:00:07, Sys 0 00:00:48  -  Run Remote Usage
		Usr 0 00:00:00, Sys 0 00:00:00  -  Run Local Usage
	0  -  Run Bytes Sent By Job
	0  -  Run Bytes Received By Job
	Partitionable Resources :    Usage  Request Allocated 
	   Cpus                 :     1.00        1         1 
	   Disk (KB)            :     1           1  15233519 
	   Gpus                 :                           0 
	   Memory (MB)          :   512         391      4027 
...
001 (5655300.000.000) 10/17 15:42:29 Job executing on host: <128.83.144.49:38141?addrs=128.83.144.49-38141>
...
004 (5655300.000.000) 10/17 16:42:29 Job was evicted.
	(0) Job was not checkpointed.
		Usr 0 00:59:47, Sys 0 00:00:41  -  Run Remote Usage
		Usr 0 00:00:00, Sys 0 00:00:00  -  Run Local Usage
	0  -  Run Bytes Sent By Job
	0  -  Run Bytes Received By Job
	Partitionable Resources :    Usage  Request Allocated 
	   Cpus                 :     1.00        1         1 
	   Disk (KB)            :     1           1   4946770 
	   Gpus                 :                           0 
	   Memory (MB)          :   733         733      4025 
...
001 (5655300.000.000) 10/17 16:42:55 Job executing on host: <128.83.144.240:43921?addrs=128.83.144.240-43921>
...
005 (5655300.000.000) 10/17 17:44:09 Job terminated.
	(1) Normal termination (return value 0)
		Usr 0 01:00:26, Sys 0 00:00:47  -  Run Remote Usage
		Usr 0 00:00:00, Sys 0 00:00:00  -  Run Local Usage
		Usr 0 01:00:26, Sys 0 00:00:47  -  Total Remote Usage
		Usr 0 00:00:00, Sys 0 00:00:00  -  Total Local Usage
	0  -  Run Bytes Sent By Job
	0  -  Run Bytes Received By Job
	0  -  Total Bytes Sent By Job
	0  -  Total Bytes Received By Job
	Partitionable Resources :    Usage  Request Allocated 
	   Cpus                 :     1.00        1         1 
	   Disk (KB)            :     1           1  15233519 
	   Gpus                 :                           0 
	   Memory (MB)          :   733         733      4027 
...
