000 (5655165.000.000) 10/17 13:36:59 Job submitted from host: <128.83.120.183:39637?addrs=128.83.120.183-39637>
...
009 (5655165.000.000) 10/17 13:37:43 Job was aborted by the user.
	via condor_rm (by user cli23)
...
000 (5655285.000.000) 10/17 13:38:14 Job submitted from host: <128.83.120.183:39637?addrs=128.83.120.183-39637>
...
001 (5655285.000.000) 10/17 13:39:20 Job executing on host: <128.83.144.147:35043?addrs=128.83.144.147-35043>
...
006 (5655285.000.000) 10/17 13:39:30 Image size of job updated: 23936
	24  -  MemoryUsage of job (MB)
	23804  -  ResidentSetSize of job (KB)
...
006 (5655285.000.000) 10/17 13:44:30 Image size of job updated: 40220
	40  -  MemoryUsage of job (MB)
	40088  -  ResidentSetSize of job (KB)
...
006 (5655285.000.000) 10/17 13:49:31 Image size of job updated: 46164
	45  -  MemoryUsage of job (MB)
	46032  -  ResidentSetSize of job (KB)
...
006 (5655285.000.000) 10/17 13:54:32 Image size of job updated: 51972
	51  -  MemoryUsage of job (MB)
	51840  -  ResidentSetSize of job (KB)
...
006 (5655285.000.000) 10/17 13:59:32 Image size of job updated: 58612
	58  -  MemoryUsage of job (MB)
	58480  -  ResidentSetSize of job (KB)
...
005 (5655285.000.000) 10/17 14:02:52 Job terminated.
	(1) Normal termination (return value 0)
		Usr 0 00:22:47, Sys 0 00:00:44  -  Run Remote Usage
		Usr 0 00:00:00, Sys 0 00:00:00  -  Run Local Usage
		Usr 0 00:22:47, Sys 0 00:00:44  -  Total Remote Usage
		Usr 0 00:00:00, Sys 0 00:00:00  -  Total Local Usage
	0  -  Run Bytes Sent By Job
	0  -  Run Bytes Received By Job
	0  -  Total Bytes Sent By Job
	0  -  Total Bytes Received By Job
	Partitionable Resources :    Usage  Request Allocated 
	   Cpus                 :     1.00        1         1 
	   Disk (KB)            :     1           1  23788981 
	   Gpus                 :                           0 
	   Memory (MB)          :    58           1     21163 
...
