000 (5655177.000.000) 10/17 13:37:00 Job submitted from host: <128.83.120.183:39637?addrs=128.83.120.183-39637>
...
009 (5655177.000.000) 10/17 13:37:43 Job was aborted by the user.
	via condor_rm (by user cli23)
...
009 (5612454.000.000) 10/17 13:37:43 Job was aborted by the user.
	via condor_rm (by user cli23)
...
000 (5655297.000.000) 10/17 13:38:15 Job submitted from host: <128.83.120.183:39637?addrs=128.83.120.183-39637>
...
001 (5655297.000.000) 10/17 13:38:39 Job executing on host: <128.83.120.231:38999?addrs=128.83.120.231-38999>
...
006 (5655297.000.000) 10/17 13:38:50 Image size of job updated: 26140
	26  -  MemoryUsage of job (MB)
	26140  -  ResidentSetSize of job (KB)
...
006 (5655297.000.000) 10/17 13:43:51 Image size of job updated: 62916
	62  -  MemoryUsage of job (MB)
	62916  -  ResidentSetSize of job (KB)
...
006 (5655297.000.000) 10/17 13:48:52 Image size of job updated: 99656
	98  -  MemoryUsage of job (MB)
	99656  -  ResidentSetSize of job (KB)
...
006 (5655297.000.000) 10/17 13:53:52 Image size of job updated: 136444
	134  -  MemoryUsage of job (MB)
	136444  -  ResidentSetSize of job (KB)
...
006 (5655297.000.000) 10/17 13:58:52 Image size of job updated: 175528
	172  -  MemoryUsage of job (MB)
	175528  -  ResidentSetSize of job (KB)
...
006 (5655297.000.000) 10/17 14:03:53 Image size of job updated: 232212
	227  -  MemoryUsage of job (MB)
	232212  -  ResidentSetSize of job (KB)
...
006 (5655297.000.000) 10/17 14:08:53 Image size of job updated: 290580
	284  -  MemoryUsage of job (MB)
	290580  -  ResidentSetSize of job (KB)
...
006 (5655297.000.000) 10/17 14:13:53 Image size of job updated: 344172
	337  -  MemoryUsage of job (MB)
	344172  -  ResidentSetSize of job (KB)
...
006 (5655297.000.000) 10/17 14:18:54 Image size of job updated: 365160
	357  -  MemoryUsage of job (MB)
	365160  -  ResidentSetSize of job (KB)
...
006 (5655297.000.000) 10/17 14:23:55 Image size of job updated: 384696
	376  -  MemoryUsage of job (MB)
	384696  -  ResidentSetSize of job (KB)
...
006 (5655297.000.000) 10/17 14:28:55 Image size of job updated: 405332
	396  -  MemoryUsage of job (MB)
	405332  -  ResidentSetSize of job (KB)
...
006 (5655297.000.000) 10/17 14:33:55 Image size of job updated: 425660
	416  -  MemoryUsage of job (MB)
	425660  -  ResidentSetSize of job (KB)
...
006 (5655297.000.000) 10/17 14:38:56 Image size of job updated: 483960
	473  -  MemoryUsage of job (MB)
	483960  -  ResidentSetSize of job (KB)
...
006 (5655297.000.000) 10/17 14:39:12 Image size of job updated: 526872
	473  -  MemoryUsage of job (MB)
	483960  -  ResidentSetSize of job (KB)
...
004 (5655297.000.000) 10/17 14:39:12 Job was evicted.
	(0) Job was not checkpointed.
		Usr 0 00:59:45, Sys 0 00:00:43  -  Run Remote Usage
		Usr 0 00:00:00, Sys 0 00:00:00  -  Run Local Usage
	0  -  Run Bytes Sent By Job
	0  -  Run Bytes Received By Job
	Partitionable Resources :    Usage  Request Allocated 
	   Cpus                 :     1.00        1         1 
	   Disk (KB)            :     1           1   8092049 
	   Gpus                 :                           0 
	   Memory (MB)          :   473           1     12899 
...
001 (5655297.000.000) 10/17 14:40:07 Job executing on host: <128.83.139.141:43207?addrs=128.83.139.141-43207>
...
006 (5655297.000.000) 10/17 15:25:21 Image size of job updated: 750000
	497  -  MemoryUsage of job (MB)
	508512  -  ResidentSetSize of job (KB)
...
006 (5655297.000.000) 10/17 15:30:22 Image size of job updated: 750000
	541  -  MemoryUsage of job (MB)
	553788  -  ResidentSetSize of job (KB)
...
006 (5655297.000.000) 10/17 15:35:23 Image size of job updated: 750000
	583  -  MemoryUsage of job (MB)
	596952  -  ResidentSetSize of job (KB)
...
006 (5655297.000.000) 10/17 15:40:23 Image size of job updated: 750000
	632  -  MemoryUsage of job (MB)
	646720  -  ResidentSetSize of job (KB)
...
006 (5655297.000.000) 10/17 15:41:09 Image size of job updated: 750000
	639  -  MemoryUsage of job (MB)
	653804  -  ResidentSetSize of job (KB)
...
004 (5655297.000.000) 10/17 15:41:09 Job was evicted.
	(0) Job was not checkpointed.
		Usr 0 01:00:05, Sys 0 00:00:50  -  Run Remote Usage
		Usr 0 00:00:00, Sys 0 00:00:00  -  Run Local Usage
	0  -  Run Bytes Sent By Job
	0  -  Run Bytes Received By Job
	Partitionable Resources :    Usage  Request Allocated 
	   Cpus                 :     1.00        1         1 
	   Disk (KB)            :     1           1  15233519 
	   Gpus                 :                           0 
	   Memory (MB)          :   639         489      4027 
...
001 (5655297.000.000) 10/17 15:42:29 Job executing on host: <128.83.139.141:43207?addrs=128.83.139.141-43207>
...
004 (5655297.000.000) 10/17 16:42:29 Job was evicted.
	(0) Job was not checkpointed.
		Usr 0 00:59:01, Sys 0 00:00:50  -  Run Remote Usage
		Usr 0 00:00:00, Sys 0 00:00:00  -  Run Local Usage
	0  -  Run Bytes Sent By Job
	0  -  Run Bytes Received By Job
	Partitionable Resources :    Usage  Request Allocated 
	   Cpus                 :     0.99        1         1 
	   Disk (KB)            :     1           1  15233519 
	   Gpus                 :                           0 
	   Memory (MB)          :   733         733      4027 
...
001 (5655297.000.000) 10/17 16:42:55 Job executing on host: <128.83.139.15:46821?addrs=128.83.139.15-46821>
...
004 (5655297.000.000) 10/17 17:54:35 Job was evicted.
	(0) Job was not checkpointed.
		Usr 0 01:10:22, Sys 0 00:00:58  -  Run Remote Usage
		Usr 0 00:00:00, Sys 0 00:00:00  -  Run Local Usage
	0  -  Run Bytes Sent By Job
	0  -  Run Bytes Received By Job
	Partitionable Resources :    Usage  Request Allocated 
	   Cpus                 :     0.99        1         1 
	   Disk (KB)            :     1           1  19497001 
	   Gpus                 :                           0 
	   Memory (MB)          :   733         733     12899 
...
001 (5655297.000.000) 10/17 17:55:03 Job executing on host: <128.83.139.102:43367?addrs=128.83.139.102-43367>
...
010 (5655297.000.000) 10/17 23:14:56 Job was suspended.
	Number of processes actually suspended: 4
...
011 (5655297.000.000) 10/17 23:15:41 Job was unsuspended.
...
010 (5655297.000.000) 10/17 23:15:51 Job was suspended.
	Number of processes actually suspended: 4
...
011 (5655297.000.000) 10/17 23:16:31 Job was unsuspended.
...
010 (5655297.000.000) 10/17 23:16:36 Job was suspended.
	Number of processes actually suspended: 4
...
011 (5655297.000.000) 10/17 23:16:51 Job was unsuspended.
...
010 (5655297.000.000) 10/17 23:19:12 Job was suspended.
	Number of processes actually suspended: 3
...
011 (5655297.000.000) 10/17 23:19:27 Job was unsuspended.
...
010 (5655297.000.000) 10/17 23:20:02 Job was suspended.
	Number of processes actually suspended: 2
...
011 (5655297.000.000) 10/17 23:20:37 Job was unsuspended.
...
010 (5655297.000.000) 10/17 23:23:47 Job was suspended.
	Number of processes actually suspended: 2
...
011 (5655297.000.000) 10/17 23:24:17 Job was unsuspended.
...
010 (5655297.000.000) 10/17 23:24:42 Job was suspended.
	Number of processes actually suspended: 2
...
011 (5655297.000.000) 10/17 23:24:57 Job was unsuspended.
...
010 (5655297.000.000) 10/17 23:25:22 Job was suspended.
	Number of processes actually suspended: 3
...
011 (5655297.000.000) 10/17 23:25:37 Job was unsuspended.
...
010 (5655297.000.000) 10/17 23:25:52 Job was suspended.
	Number of processes actually suspended: 3
...
011 (5655297.000.000) 10/17 23:26:07 Job was unsuspended.
...
010 (5655297.000.000) 10/17 23:26:22 Job was suspended.
	Number of processes actually suspended: 3
...
011 (5655297.000.000) 10/17 23:27:02 Job was unsuspended.
...
010 (5655297.000.000) 10/17 23:27:22 Job was suspended.
	Number of processes actually suspended: 2
...
011 (5655297.000.000) 10/17 23:27:37 Job was unsuspended.
...
010 (5655297.000.000) 10/17 23:27:47 Job was suspended.
	Number of processes actually suspended: 4
...
011 (5655297.000.000) 10/17 23:28:07 Job was unsuspended.
...
010 (5655297.000.000) 10/17 23:28:17 Job was suspended.
	Number of processes actually suspended: 4
...
011 (5655297.000.000) 10/17 23:28:47 Job was unsuspended.
...
011 (5655297.000.000) 10/17 23:29:33 Job was unsuspended.
...
010 (5655297.000.000) 10/18 00:24:24 Job was suspended.
	Number of processes actually suspended: 3
...
011 (5655297.000.000) 10/18 00:24:39 Job was unsuspended.
...
010 (5655297.000.000) 10/18 00:24:44 Job was suspended.
	Number of processes actually suspended: 3
...
011 (5655297.000.000) 10/18 00:24:59 Job was unsuspended.
...
010 (5655297.000.000) 10/18 00:25:04 Job was suspended.
	Number of processes actually suspended: 2
...
011 (5655297.000.000) 10/18 00:25:25 Job was unsuspended.
...
010 (5655297.000.000) 10/18 00:25:30 Job was suspended.
	Number of processes actually suspended: 3
...
011 (5655297.000.000) 10/18 00:26:20 Job was unsuspended.
...
010 (5655297.000.000) 10/18 00:28:16 Job was suspended.
	Number of processes actually suspended: 3
...
011 (5655297.000.000) 10/18 00:29:11 Job was unsuspended.
...
010 (5655297.000.000) 10/18 00:29:16 Job was suspended.
	Number of processes actually suspended: 3
...
011 (5655297.000.000) 10/18 00:29:31 Job was unsuspended.
...
010 (5655297.000.000) 10/18 00:30:41 Job was suspended.
	Number of processes actually suspended: 3
...
011 (5655297.000.000) 10/18 00:31:26 Job was unsuspended.
...
010 (5655297.000.000) 10/18 00:35:36 Job was suspended.
	Number of processes actually suspended: 3
...
011 (5655297.000.000) 10/18 00:36:16 Job was unsuspended.
...
010 (5655297.000.000) 10/18 00:36:21 Job was suspended.
	Number of processes actually suspended: 3
...
011 (5655297.000.000) 10/18 00:36:56 Job was unsuspended.
...
010 (5655297.000.000) 10/18 00:37:01 Job was suspended.
	Number of processes actually suspended: 2
...
011 (5655297.000.000) 10/18 00:37:46 Job was unsuspended.
...
010 (5655297.000.000) 10/18 00:38:06 Job was suspended.
	Number of processes actually suspended: 4
...
011 (5655297.000.000) 10/18 00:38:22 Job was unsuspended.
...
010 (5655297.000.000) 10/18 00:38:37 Job was suspended.
	Number of processes actually suspended: 3
...
011 (5655297.000.000) 10/18 00:39:22 Job was unsuspended.
...
010 (5655297.000.000) 10/18 00:39:27 Job was suspended.
	Number of processes actually suspended: 3
...
011 (5655297.000.000) 10/18 00:39:42 Job was unsuspended.
...
010 (5655297.000.000) 10/18 00:42:02 Job was suspended.
	Number of processes actually suspended: 4
...
011 (5655297.000.000) 10/18 00:43:17 Job was unsuspended.
...
010 (5655297.000.000) 10/18 00:43:27 Job was suspended.
	Number of processes actually suspended: 3
...
011 (5655297.000.000) 10/18 00:43:42 Job was unsuspended.
...
010 (5655297.000.000) 10/18 00:43:47 Job was suspended.
	Number of processes actually suspended: 2
...
011 (5655297.000.000) 10/18 00:44:22 Job was unsuspended.
...
010 (5655297.000.000) 10/18 00:44:27 Job was suspended.
	Number of processes actually suspended: 4
...
011 (5655297.000.000) 10/18 00:45:02 Job was unsuspended.
...
010 (5655297.000.000) 10/18 00:45:12 Job was suspended.
	Number of processes actually suspended: 3
...
011 (5655297.000.000) 10/18 00:45:27 Job was unsuspended.
...
004 (5655297.000.000) 10/18 00:45:50 Job was evicted.
	(0) Job was not checkpointed.
		Usr 0 00:40:01, Sys 0 03:11:04  -  Run Remote Usage
		Usr 0 00:00:00, Sys 0 00:00:00  -  Run Local Usage
	0  -  Run Bytes Sent By Job
	0  -  Run Bytes Received By Job
	Partitionable Resources :    Usage  Request Allocated 
	   Cpus                 :        0        1         1 
	   Disk (KB)            :        1        1    108796 
	   Gpus                 :                           0 
	   Memory (MB)          :      733      733      1997 
...
009 (5655297.000.000) 10/18 00:45:51 Job was aborted by the user.
	via condor_rm (by user cli23)
...
