000 (5655183.000.000) 10/17 13:37:00 Job submitted from host: <128.83.120.183:39637?addrs=128.83.120.183-39637>
...
009 (5655183.000.000) 10/17 13:37:43 Job was aborted by the user.
	via condor_rm (by user cli23)
...
000 (5655303.000.000) 10/17 13:38:15 Job submitted from host: <128.83.120.183:39637?addrs=128.83.120.183-39637>
...
001 (5655303.000.000) 10/17 13:38:30 Job executing on host: <128.83.144.112:37059?addrs=128.83.144.112-37059>
...
006 (5655303.000.000) 10/17 13:38:40 Image size of job updated: 23852
	24  -  MemoryUsage of job (MB)
	23720  -  ResidentSetSize of job (KB)
...
006 (5655303.000.000) 10/17 13:43:41 Image size of job updated: 27548
	27  -  MemoryUsage of job (MB)
	27416  -  ResidentSetSize of job (KB)
...
006 (5655303.000.000) 10/17 13:48:41 Image size of job updated: 31108
	31  -  MemoryUsage of job (MB)
	30976  -  ResidentSetSize of job (KB)
...
006 (5655303.000.000) 10/17 13:53:41 Image size of job updated: 35448
	35  -  MemoryUsage of job (MB)
	35316  -  ResidentSetSize of job (KB)
...
006 (5655303.000.000) 10/17 13:58:42 Image size of job updated: 39252
	39  -  MemoryUsage of job (MB)
	39120  -  ResidentSetSize of job (KB)
...
006 (5655303.000.000) 10/17 14:03:43 Image size of job updated: 42816
	42  -  MemoryUsage of job (MB)
	42684  -  ResidentSetSize of job (KB)
...
006 (5655303.000.000) 10/17 14:08:43 Image size of job updated: 47640
	47  -  MemoryUsage of job (MB)
	47508  -  ResidentSetSize of job (KB)
...
006 (5655303.000.000) 10/17 14:13:44 Image size of job updated: 51732
	51  -  MemoryUsage of job (MB)
	51600  -  ResidentSetSize of job (KB)
...
006 (5655303.000.000) 10/17 14:18:45 Image size of job updated: 73184
	72  -  MemoryUsage of job (MB)
	73052  -  ResidentSetSize of job (KB)
...
006 (5655303.000.000) 10/17 14:22:34 Image size of job updated: 77012
	72  -  MemoryUsage of job (MB)
	73052  -  ResidentSetSize of job (KB)
...
005 (5655303.000.000) 10/17 14:22:34 Job terminated.
	(1) Normal termination (return value 0)
		Usr 0 00:42:45, Sys 0 00:01:03  -  Run Remote Usage
		Usr 0 00:00:00, Sys 0 00:00:00  -  Run Local Usage
		Usr 0 00:42:45, Sys 0 00:01:03  -  Total Remote Usage
		Usr 0 00:00:00, Sys 0 00:00:00  -  Total Local Usage
	0  -  Run Bytes Sent By Job
	0  -  Run Bytes Received By Job
	0  -  Total Bytes Sent By Job
	0  -  Total Bytes Received By Job
	Partitionable Resources :    Usage  Request Allocated 
	   Cpus                 :     0.98        1         1 
	   Disk (KB)            :     1           1  11512988 
	   Gpus                 :                           0 
	   Memory (MB)          :    72           1     12899 
...
