000 (5655178.000.000) 10/17 13:37:00 Job submitted from host: <128.83.120.183:39637?addrs=128.83.120.183-39637>
...
009 (5655178.000.000) 10/17 13:37:43 Job was aborted by the user.
	via condor_rm (by user cli23)
...
000 (5655298.000.000) 10/17 13:38:15 Job submitted from host: <128.83.120.183:39637?addrs=128.83.120.183-39637>
...
001 (5655298.000.000) 10/17 13:38:31 Job executing on host: <128.83.139.15:46821?addrs=128.83.139.15-46821>
...
006 (5655298.000.000) 10/17 13:38:40 Image size of job updated: 25096
	25  -  MemoryUsage of job (MB)
	24964  -  ResidentSetSize of job (KB)
...
006 (5655298.000.000) 10/17 13:43:40 Image size of job updated: 67812
	67  -  MemoryUsage of job (MB)
	67680  -  ResidentSetSize of job (KB)
...
006 (5655298.000.000) 10/17 13:48:40 Image size of job updated: 104268
	102  -  MemoryUsage of job (MB)
	104136  -  ResidentSetSize of job (KB)
...
006 (5655298.000.000) 10/17 13:53:41 Image size of job updated: 138700
	136  -  MemoryUsage of job (MB)
	138568  -  ResidentSetSize of job (KB)
...
006 (5655298.000.000) 10/17 13:58:42 Image size of job updated: 165944
	162  -  MemoryUsage of job (MB)
	165812  -  ResidentSetSize of job (KB)
...
006 (5655298.000.000) 10/17 14:03:42 Image size of job updated: 195776
	192  -  MemoryUsage of job (MB)
	195644  -  ResidentSetSize of job (KB)
...
006 (5655298.000.000) 10/17 14:08:43 Image size of job updated: 219932
	215  -  MemoryUsage of job (MB)
	219800  -  ResidentSetSize of job (KB)
...
006 (5655298.000.000) 10/17 14:13:44 Image size of job updated: 247280
	242  -  MemoryUsage of job (MB)
	247148  -  ResidentSetSize of job (KB)
...
006 (5655298.000.000) 10/17 14:18:44 Image size of job updated: 272492
	266  -  MemoryUsage of job (MB)
	272360  -  ResidentSetSize of job (KB)
...
006 (5655298.000.000) 10/17 14:23:45 Image size of job updated: 298892
	292  -  MemoryUsage of job (MB)
	298760  -  ResidentSetSize of job (KB)
...
006 (5655298.000.000) 10/17 14:28:45 Image size of job updated: 325952
	319  -  MemoryUsage of job (MB)
	325820  -  ResidentSetSize of job (KB)
...
006 (5655298.000.000) 10/17 14:33:45 Image size of job updated: 348524
	341  -  MemoryUsage of job (MB)
	348392  -  ResidentSetSize of job (KB)
...
006 (5655298.000.000) 10/17 14:38:46 Image size of job updated: 371624
	363  -  MemoryUsage of job (MB)
	371492  -  ResidentSetSize of job (KB)
...
006 (5655298.000.000) 10/17 14:39:12 Image size of job updated: 372892
	365  -  MemoryUsage of job (MB)
	372760  -  ResidentSetSize of job (KB)
...
004 (5655298.000.000) 10/17 14:39:12 Job was evicted.
	(0) Job was not checkpointed.
		Usr 0 00:59:21, Sys 0 00:01:08  -  Run Remote Usage
		Usr 0 00:00:00, Sys 0 00:00:00  -  Run Local Usage
	0  -  Run Bytes Sent By Job
	0  -  Run Bytes Received By Job
	Partitionable Resources :    Usage  Request Allocated 
	   Cpus                 :     0.99        1         1 
	   Disk (KB)            :     1           1  19497001 
	   Gpus                 :                           0 
	   Memory (MB)          :   365           1     12899 
...
001 (5655298.000.000) 10/17 14:40:07 Job executing on host: <128.83.139.141:43207?addrs=128.83.139.141-43207>
...
006 (5655298.000.000) 10/17 15:25:20 Image size of job updated: 381840
	367  -  MemoryUsage of job (MB)
	375000  -  ResidentSetSize of job (KB)
...
005 (5655298.000.000) 10/17 15:25:20 Job terminated.
	(1) Normal termination (return value 0)
		Usr 0 00:44:24, Sys 0 00:00:49  -  Run Remote Usage
		Usr 0 00:00:00, Sys 0 00:00:00  -  Run Local Usage
		Usr 0 00:44:24, Sys 0 00:00:49  -  Total Remote Usage
		Usr 0 00:00:00, Sys 0 00:00:00  -  Total Local Usage
	0  -  Run Bytes Sent By Job
	0  -  Run Bytes Received By Job
	0  -  Total Bytes Sent By Job
	0  -  Total Bytes Received By Job
	Partitionable Resources :    Usage  Request Allocated 
	   Cpus                 :     1.00        1         1 
	   Disk (KB)            :     1           1  15233519 
	   Gpus                 :                           0 
	   Memory (MB)          :   367         367      4027 
...
