000 (5655172.000.000) 10/17 13:36:59 Job submitted from host: <128.83.120.183:39637?addrs=128.83.120.183-39637>
...
009 (5655172.000.000) 10/17 13:37:43 Job was aborted by the user.
	via condor_rm (by user cli23)
...
000 (5655292.000.000) 10/17 13:38:14 Job submitted from host: <128.83.120.183:39637?addrs=128.83.120.183-39637>
...
001 (5655292.000.000) 10/17 13:38:36 Job executing on host: <128.83.120.231:38999?addrs=128.83.120.231-38999>
...
006 (5655292.000.000) 10/17 13:38:46 Image size of job updated: 25112
	25  -  MemoryUsage of job (MB)
	25112  -  ResidentSetSize of job (KB)
...
006 (5655292.000.000) 10/17 13:43:47 Image size of job updated: 27620
	27  -  MemoryUsage of job (MB)
	27620  -  ResidentSetSize of job (KB)
...
006 (5655292.000.000) 10/17 13:48:48 Image size of job updated: 28676
	29  -  MemoryUsage of job (MB)
	28676  -  ResidentSetSize of job (KB)
...
006 (5655292.000.000) 10/17 13:53:48 Image size of job updated: 29488
	29  -  MemoryUsage of job (MB)
	29488  -  ResidentSetSize of job (KB)
...
006 (5655292.000.000) 10/17 13:58:48 Image size of job updated: 30280
	30  -  MemoryUsage of job (MB)
	30280  -  ResidentSetSize of job (KB)
...
006 (5655292.000.000) 10/17 14:03:49 Image size of job updated: 31376
	31  -  MemoryUsage of job (MB)
	31376  -  ResidentSetSize of job (KB)
...
006 (5655292.000.000) 10/17 14:07:38 Image size of job updated: 31772
	31  -  MemoryUsage of job (MB)
	31376  -  ResidentSetSize of job (KB)
...
005 (5655292.000.000) 10/17 14:07:39 Job terminated.
	(1) Normal termination (return value 0)
		Usr 0 00:28:06, Sys 0 00:00:57  -  Run Remote Usage
		Usr 0 00:00:00, Sys 0 00:00:00  -  Run Local Usage
		Usr 0 00:28:06, Sys 0 00:00:57  -  Total Remote Usage
		Usr 0 00:00:00, Sys 0 00:00:00  -  Total Local Usage
	0  -  Run Bytes Sent By Job
	0  -  Run Bytes Received By Job
	0  -  Total Bytes Sent By Job
	0  -  Total Bytes Received By Job
	Partitionable Resources :    Usage  Request Allocated 
	   Cpus                 :     1.01        1         1 
	   Disk (KB)            :     1           1   8092049 
	   Gpus                 :                           0 
	   Memory (MB)          :    31           1     12899 
...
