000 (5655163.000.000) 10/17 13:36:41 Job submitted from host: <128.83.120.183:39637?addrs=128.83.120.183-39637>
...
009 (5655163.000.000) 10/17 13:37:43 Job was aborted by the user.
	via condor_rm (by user cli23)
...
000 (5655325.000.000) 10/17 13:38:26 Job submitted from host: <128.83.120.183:39637?addrs=128.83.120.183-39637>
...
001 (5655325.000.000) 10/17 13:38:32 Job executing on host: <128.83.120.75:43263?addrs=128.83.120.75-43263>
...
006 (5655325.000.000) 10/17 13:38:40 Image size of job updated: 25016
	25  -  MemoryUsage of job (MB)
	25016  -  ResidentSetSize of job (KB)
...
006 (5655325.000.000) 10/17 13:43:40 Image size of job updated: 50136
	49  -  MemoryUsage of job (MB)
	50136  -  ResidentSetSize of job (KB)
...
006 (5655325.000.000) 10/17 13:48:41 Image size of job updated: 66712
	66  -  MemoryUsage of job (MB)
	66712  -  ResidentSetSize of job (KB)
...
006 (5655325.000.000) 10/17 13:53:41 Image size of job updated: 89776
	88  -  MemoryUsage of job (MB)
	89776  -  ResidentSetSize of job (KB)
...
006 (5655325.000.000) 10/17 13:58:41 Image size of job updated: 100204
	98  -  MemoryUsage of job (MB)
	100204  -  ResidentSetSize of job (KB)
...
006 (5655325.000.000) 10/17 14:03:42 Image size of job updated: 124888
	122  -  MemoryUsage of job (MB)
	124888  -  ResidentSetSize of job (KB)
...
006 (5655325.000.000) 10/17 14:08:43 Image size of job updated: 136372
	134  -  MemoryUsage of job (MB)
	136372  -  ResidentSetSize of job (KB)
...
006 (5655325.000.000) 10/17 14:11:30 Image size of job updated: 139540
	134  -  MemoryUsage of job (MB)
	136372  -  ResidentSetSize of job (KB)
...
005 (5655325.000.000) 10/17 14:11:30 Job terminated.
	(1) Normal termination (return value 0)
		Usr 0 00:32:13, Sys 0 00:00:53  -  Run Remote Usage
		Usr 0 00:00:00, Sys 0 00:00:00  -  Run Local Usage
		Usr 0 00:32:13, Sys 0 00:00:53  -  Total Remote Usage
		Usr 0 00:00:00, Sys 0 00:00:00  -  Total Local Usage
	0  -  Run Bytes Sent By Job
	0  -  Run Bytes Received By Job
	0  -  Total Bytes Sent By Job
	0  -  Total Bytes Received By Job
	Partitionable Resources :    Usage  Request Allocated 
	   Cpus                 :     0.99        1         1 
	   Disk (KB)            :     1           1  16508898 
	   Gpus                 :                           0 
	   Memory (MB)          :   134           1      4027 
...
