000 (5655154.000.000) 10/17 13:36:41 Job submitted from host: <128.83.120.183:39637?addrs=128.83.120.183-39637>
...
009 (5655154.000.000) 10/17 13:37:43 Job was aborted by the user.
	via condor_rm (by user cli23)
...
000 (5655316.000.000) 10/17 13:38:25 Job submitted from host: <128.83.120.183:39637?addrs=128.83.120.183-39637>
...
001 (5655316.000.000) 10/17 13:38:31 Job executing on host: <128.83.139.145:41177?addrs=128.83.139.145-41177>
...
006 (5655316.000.000) 10/17 13:38:40 Image size of job updated: 26736
	26  -  MemoryUsage of job (MB)
	26604  -  ResidentSetSize of job (KB)
...
006 (5655316.000.000) 10/17 13:43:40 Image size of job updated: 147440
	144  -  MemoryUsage of job (MB)
	147308  -  ResidentSetSize of job (KB)
...
006 (5655316.000.000) 10/17 13:48:40 Image size of job updated: 213816
	209  -  MemoryUsage of job (MB)
	213684  -  ResidentSetSize of job (KB)
...
006 (5655316.000.000) 10/17 13:53:41 Image size of job updated: 273204
	267  -  MemoryUsage of job (MB)
	273072  -  ResidentSetSize of job (KB)
...
006 (5655316.000.000) 10/17 13:58:41 Image size of job updated: 334848
	327  -  MemoryUsage of job (MB)
	334716  -  ResidentSetSize of job (KB)
...
006 (5655316.000.000) 10/17 14:03:41 Image size of job updated: 397708
	389  -  MemoryUsage of job (MB)
	397576  -  ResidentSetSize of job (KB)
...
006 (5655316.000.000) 10/17 14:08:42 Image size of job updated: 442588
	433  -  MemoryUsage of job (MB)
	442456  -  ResidentSetSize of job (KB)
...
006 (5655316.000.000) 10/17 14:13:43 Image size of job updated: 491824
	481  -  MemoryUsage of job (MB)
	491692  -  ResidentSetSize of job (KB)
...
006 (5655316.000.000) 10/17 14:18:43 Image size of job updated: 553072
	540  -  MemoryUsage of job (MB)
	552940  -  ResidentSetSize of job (KB)
...
006 (5655316.000.000) 10/17 14:23:43 Image size of job updated: 573268
	560  -  MemoryUsage of job (MB)
	573136  -  ResidentSetSize of job (KB)
...
006 (5655316.000.000) 10/17 14:24:12 Image size of job updated: 575116
	560  -  MemoryUsage of job (MB)
	573136  -  ResidentSetSize of job (KB)
...
005 (5655316.000.000) 10/17 14:24:12 Job terminated.
	(1) Normal termination (return value 0)
		Usr 0 00:44:56, Sys 0 00:00:47  -  Run Remote Usage
		Usr 0 00:00:00, Sys 0 00:00:00  -  Run Local Usage
		Usr 0 00:44:56, Sys 0 00:00:47  -  Total Remote Usage
		Usr 0 00:00:00, Sys 0 00:00:00  -  Total Local Usage
	0  -  Run Bytes Sent By Job
	0  -  Run Bytes Received By Job
	0  -  Total Bytes Sent By Job
	0  -  Total Bytes Received By Job
	Partitionable Resources :    Usage  Request Allocated 
	   Cpus                 :     1.00        1         1 
	   Disk (KB)            :     1           1  15233519 
	   Gpus                 :                           0 
	   Memory (MB)          :   560           1      4027 
...
