000 (5655151.000.000) 10/17 13:36:40 Job submitted from host: <128.83.120.183:39637?addrs=128.83.120.183-39637>
...
009 (5655151.000.000) 10/17 13:37:43 Job was aborted by the user.
	via condor_rm (by user cli23)
...
000 (5655313.000.000) 10/17 13:38:25 Job submitted from host: <128.83.120.183:39637?addrs=128.83.120.183-39637>
...
001 (5655313.000.000) 10/17 13:38:31 Job executing on host: <128.83.139.150:40647?addrs=128.83.139.150-40647>
...
006 (5655313.000.000) 10/17 13:38:40 Image size of job updated: 25196
	25  -  MemoryUsage of job (MB)
	25196  -  ResidentSetSize of job (KB)
...
006 (5655313.000.000) 10/17 13:43:41 Image size of job updated: 28324
	28  -  MemoryUsage of job (MB)
	28324  -  ResidentSetSize of job (KB)
...
006 (5655313.000.000) 10/17 13:48:41 Image size of job updated: 29752
	30  -  MemoryUsage of job (MB)
	29752  -  ResidentSetSize of job (KB)
...
006 (5655313.000.000) 10/17 13:53:41 Image size of job updated: 31336
	31  -  MemoryUsage of job (MB)
	31336  -  ResidentSetSize of job (KB)
...
006 (5655313.000.000) 10/17 13:58:42 Image size of job updated: 32776
	33  -  MemoryUsage of job (MB)
	32776  -  ResidentSetSize of job (KB)
...
006 (5655313.000.000) 10/17 14:00:10 Image size of job updated: 33304
	33  -  MemoryUsage of job (MB)
	32776  -  ResidentSetSize of job (KB)
...
005 (5655313.000.000) 10/17 14:00:10 Job terminated.
	(1) Normal termination (return value 0)
		Usr 0 00:20:59, Sys 0 00:00:40  -  Run Remote Usage
		Usr 0 00:00:00, Sys 0 00:00:00  -  Run Local Usage
		Usr 0 00:20:59, Sys 0 00:00:40  -  Total Remote Usage
		Usr 0 00:00:00, Sys 0 00:00:00  -  Total Local Usage
	0  -  Run Bytes Sent By Job
	0  -  Run Bytes Received By Job
	0  -  Total Bytes Sent By Job
	0  -  Total Bytes Received By Job
	Partitionable Resources :    Usage  Request Allocated 
	   Cpus                 :     1.00        1         1 
	   Disk (KB)            :     1           1  15233519 
	   Gpus                 :                           0 
	   Memory (MB)          :    33           1      4027 
...
