000 (5655159.000.000) 10/17 13:36:41 Job submitted from host: <128.83.120.183:39637?addrs=128.83.120.183-39637>
...
009 (5612365.000.000) 10/17 13:37:43 Job was aborted by the user.
	via condor_rm (by user cli23)
...
009 (5655159.000.000) 10/17 13:37:43 Job was aborted by the user.
	via condor_rm (by user cli23)
...
000 (5655321.000.000) 10/17 13:38:25 Job submitted from host: <128.83.120.183:39637?addrs=128.83.120.183-39637>
...
001 (5655321.000.000) 10/17 13:38:32 Job executing on host: <128.83.120.75:43263?addrs=128.83.120.75-43263>
...
006 (5655321.000.000) 10/17 13:38:40 Image size of job updated: 27204
	27  -  MemoryUsage of job (MB)
	27204  -  ResidentSetSize of job (KB)
...
006 (5655321.000.000) 10/17 13:43:40 Image size of job updated: 107084
	105  -  MemoryUsage of job (MB)
	107084  -  ResidentSetSize of job (KB)
...
006 (5655321.000.000) 10/17 13:48:41 Image size of job updated: 159496
	156  -  MemoryUsage of job (MB)
	159496  -  ResidentSetSize of job (KB)
...
006 (5655321.000.000) 10/17 13:53:42 Image size of job updated: 217200
	213  -  MemoryUsage of job (MB)
	217200  -  ResidentSetSize of job (KB)
...
006 (5655321.000.000) 10/17 13:58:42 Image size of job updated: 279768
	274  -  MemoryUsage of job (MB)
	279768  -  ResidentSetSize of job (KB)
...
006 (5655321.000.000) 10/17 14:03:42 Image size of job updated: 329796
	323  -  MemoryUsage of job (MB)
	329796  -  ResidentSetSize of job (KB)
...
006 (5655321.000.000) 10/17 14:08:43 Image size of job updated: 389964
	381  -  MemoryUsage of job (MB)
	389964  -  ResidentSetSize of job (KB)
...
006 (5655321.000.000) 10/17 14:13:44 Image size of job updated: 434844
	425  -  MemoryUsage of job (MB)
	434844  -  ResidentSetSize of job (KB)
...
006 (5655321.000.000) 10/17 14:18:44 Image size of job updated: 477876
	467  -  MemoryUsage of job (MB)
	477876  -  ResidentSetSize of job (KB)
...
006 (5655321.000.000) 10/17 14:23:45 Image size of job updated: 523812
	512  -  MemoryUsage of job (MB)
	523812  -  ResidentSetSize of job (KB)
...
006 (5655321.000.000) 10/17 14:28:46 Image size of job updated: 567504
	555  -  MemoryUsage of job (MB)
	567504  -  ResidentSetSize of job (KB)
...
006 (5655321.000.000) 10/17 14:33:46 Image size of job updated: 617928
	604  -  MemoryUsage of job (MB)
	617928  -  ResidentSetSize of job (KB)
...
006 (5655321.000.000) 10/17 14:38:46 Image size of job updated: 696056
	680  -  MemoryUsage of job (MB)
	696056  -  ResidentSetSize of job (KB)
...
006 (5655321.000.000) 10/17 14:39:12 Image size of job updated: 700176
	684  -  MemoryUsage of job (MB)
	700176  -  ResidentSetSize of job (KB)
...
004 (5655321.000.000) 10/17 14:39:12 Job was evicted.
	(0) Job was not checkpointed.
		Usr 0 00:59:58, Sys 0 00:00:49  -  Run Remote Usage
		Usr 0 00:00:00, Sys 0 00:00:00  -  Run Local Usage
	0  -  Run Bytes Sent By Job
	0  -  Run Bytes Received By Job
	Partitionable Resources :    Usage  Request Allocated 
	   Cpus                 :     1.00        1         1 
	   Disk (KB)            :     1           1  16508898 
	   Gpus                 :                           0 
	   Memory (MB)          :   684           1      4027 
...
001 (5655321.000.000) 10/17 14:40:09 Job executing on host: <128.83.130.69:34371?addrs=128.83.130.69-34371>
...
004 (5655321.000.000) 10/17 15:41:09 Job was evicted.
	(0) Job was not checkpointed.
		Usr 0 01:00:25, Sys 0 00:00:48  -  Run Remote Usage
		Usr 0 00:00:00, Sys 0 00:00:00  -  Run Local Usage
	0  -  Run Bytes Sent By Job
	0  -  Run Bytes Received By Job
	Partitionable Resources :    Usage  Request Allocated 
	   Cpus                 :     1.00        1         1 
	   Disk (KB)            :     1           1   5404658 
	   Gpus                 :                           0 
	   Memory (MB)          :   733         733      2009 
...
001 (5655321.000.000) 10/17 15:42:56 Job executing on host: <128.83.144.5:36499?addrs=128.83.144.5-36499>
...
004 (5655321.000.000) 10/17 16:44:31 Job was evicted.
	(0) Job was not checkpointed.
		Usr 0 01:00:27, Sys 0 00:00:50  -  Run Remote Usage
		Usr 0 00:00:00, Sys 0 00:00:00  -  Run Local Usage
	0  -  Run Bytes Sent By Job
	0  -  Run Bytes Received By Job
	Partitionable Resources :    Usage  Request Allocated 
	   Cpus                 :     0.99        1         1 
	   Disk (KB)            :     1           1   8092049 
	   Gpus                 :                           0 
	   Memory (MB)          :   733         733     12899 
...
001 (5655321.000.000) 10/17 16:45:26 Job executing on host: <128.83.120.230:41119?addrs=128.83.120.230-41119>
...
004 (5655321.000.000) 10/17 17:54:35 Job was evicted.
	(0) Job was not checkpointed.
		Usr 0 01:08:09, Sys 0 00:00:51  -  Run Remote Usage
		Usr 0 00:00:00, Sys 0 00:00:00  -  Run Local Usage
	0  -  Run Bytes Sent By Job
	0  -  Run Bytes Received By Job
	Partitionable Resources :    Usage  Request Allocated 
	   Cpus                 :     0.99        1         1 
	   Disk (KB)            :     1           1   8092049 
	   Gpus                 :                           0 
	   Memory (MB)          :   733         733     12899 
...
001 (5655321.000.000) 10/17 17:55:04 Job executing on host: <128.83.139.102:43367?addrs=128.83.139.102-43367>
...
010 (5655321.000.000) 10/17 17:56:24 Job was suspended.
	Number of processes actually suspended: 3
...
011 (5655321.000.000) 10/17 17:56:34 Job was unsuspended.
...
010 (5655321.000.000) 10/17 17:56:39 Job was suspended.
	Number of processes actually suspended: 4
...
011 (5655321.000.000) 10/17 17:59:59 Job was unsuspended.
...
010 (5655321.000.000) 10/17 18:00:12 Job was suspended.
	Number of processes actually suspended: 3
...
011 (5655321.000.000) 10/17 18:01:24 Job was unsuspended.
...
010 (5655321.000.000) 10/17 18:01:34 Job was suspended.
	Number of processes actually suspended: 3
...
011 (5655321.000.000) 10/17 18:02:04 Job was unsuspended.
...
010 (5655321.000.000) 10/17 18:02:09 Job was suspended.
	Number of processes actually suspended: 4
...
011 (5655321.000.000) 10/17 18:03:04 Job was unsuspended.
...
010 (5655321.000.000) 10/17 18:03:09 Job was suspended.
	Number of processes actually suspended: 3
...
011 (5655321.000.000) 10/17 18:06:49 Job was unsuspended.
...
010 (5655321.000.000) 10/17 18:06:59 Job was suspended.
	Number of processes actually suspended: 3
...
011 (5655321.000.000) 10/17 18:08:15 Job was unsuspended.
...
010 (5655321.000.000) 10/17 18:08:25 Job was suspended.
	Number of processes actually suspended: 4
...
011 (5655321.000.000) 10/17 18:15:26 Job was unsuspended.
...
010 (5655321.000.000) 10/17 18:15:41 Job was suspended.
	Number of processes actually suspended: 3
...
011 (5655321.000.000) 10/17 18:17:26 Job was unsuspended.
...
010 (5655321.000.000) 10/17 18:17:46 Job was suspended.
	Number of processes actually suspended: 4
...
011 (5655321.000.000) 10/17 18:20:52 Job was unsuspended.
...
010 (5655321.000.000) 10/17 18:20:57 Job was suspended.
	Number of processes actually suspended: 4
...
011 (5655321.000.000) 10/17 18:23:52 Job was unsuspended.
...
010 (5655321.000.000) 10/17 18:24:02 Job was suspended.
	Number of processes actually suspended: 4
...
011 (5655321.000.000) 10/17 18:27:37 Job was unsuspended.
...
010 (5655321.000.000) 10/17 18:27:42 Job was suspended.
	Number of processes actually suspended: 3
...
011 (5655321.000.000) 10/17 18:29:32 Job was unsuspended.
...
010 (5655321.000.000) 10/17 18:29:37 Job was suspended.
	Number of processes actually suspended: 3
...
011 (5655321.000.000) 10/17 18:32:28 Job was unsuspended.
...
010 (5655321.000.000) 10/17 18:32:38 Job was suspended.
	Number of processes actually suspended: 4
...
011 (5655321.000.000) 10/17 18:36:28 Job was unsuspended.
...
010 (5655321.000.000) 10/17 18:36:33 Job was suspended.
	Number of processes actually suspended: 4
...
011 (5655321.000.000) 10/17 18:46:34 Job was unsuspended.
...
004 (5655321.000.000) 10/17 18:46:34 Job was evicted.
	(0) Job was not checkpointed.
		Usr 0 00:00:20, Sys 0 00:01:44  -  Run Remote Usage
		Usr 0 00:00:00, Sys 0 00:00:00  -  Run Local Usage
	0  -  Run Bytes Sent By Job
	0  -  Run Bytes Received By Job
	Partitionable Resources :    Usage  Request Allocated 
	   Cpus                 :        0        1         1 
	   Disk (KB)            :        1        1    108796 
	   Gpus                 :                           0 
	   Memory (MB)          :      733      733      1997 
...
001 (5655321.000.000) 10/17 18:47:25 Job executing on host: <128.83.144.147:35043?addrs=128.83.144.147-35043>
...
004 (5655321.000.000) 10/17 19:50:42 Job was evicted.
	(0) Job was not checkpointed.
		Usr 0 01:02:20, Sys 0 00:00:49  -  Run Remote Usage
		Usr 0 00:00:00, Sys 0 00:00:00  -  Run Local Usage
	0  -  Run Bytes Sent By Job
	0  -  Run Bytes Received By Job
	Partitionable Resources :    Usage  Request Allocated 
	   Cpus                 :     1.00        1         1 
	   Disk (KB)            :     1           1  23788981 
	   Gpus                 :                           0 
	   Memory (MB)          :   733         733     21163 
...
001 (5655321.000.000) 10/17 19:51:12 Job executing on host: <128.83.139.109:42719?addrs=128.83.139.109-42719>
...
004 (5655321.000.000) 10/18 00:45:50 Job was evicted.
	(0) Job was not checkpointed.
		Usr 0 00:38:36, Sys 0 02:55:42  -  Run Remote Usage
		Usr 0 00:00:00, Sys 0 00:00:00  -  Run Local Usage
	0  -  Run Bytes Sent By Job
	0  -  Run Bytes Received By Job
	Partitionable Resources :    Usage  Request Allocated 
	   Cpus                 :     0.14        1         1 
	   Disk (KB)            :     1           1    108803 
	   Gpus                 :                           0 
	   Memory (MB)          :   733         733      1997 
...
009 (5655321.000.000) 10/18 00:45:51 Job was aborted by the user.
	via condor_rm (by user cli23)
...
