000 (5655150.000.000) 10/17 13:36:40 Job submitted from host: <128.83.120.183:39637?addrs=128.83.120.183-39637>
...
009 (5655150.000.000) 10/17 13:37:43 Job was aborted by the user.
	via condor_rm (by user cli23)
...
000 (5655312.000.000) 10/17 13:38:24 Job submitted from host: <128.83.120.183:39637?addrs=128.83.120.183-39637>
...
001 (5655312.000.000) 10/17 13:38:30 Job executing on host: <128.83.139.150:40647?addrs=128.83.139.150-40647>
...
006 (5655312.000.000) 10/17 13:38:39 Image size of job updated: 25632
	26  -  MemoryUsage of job (MB)
	25632  -  ResidentSetSize of job (KB)
...
006 (5655312.000.000) 10/17 13:43:39 Image size of job updated: 46080
	45  -  MemoryUsage of job (MB)
	46080  -  ResidentSetSize of job (KB)
...
006 (5655312.000.000) 10/17 13:48:40 Image size of job updated: 61132
	60  -  MemoryUsage of job (MB)
	61132  -  ResidentSetSize of job (KB)
...
006 (5655312.000.000) 10/17 13:53:41 Image size of job updated: 75184
	74  -  MemoryUsage of job (MB)
	75184  -  ResidentSetSize of job (KB)
...
006 (5655312.000.000) 10/17 13:58:41 Image size of job updated: 87856
	86  -  MemoryUsage of job (MB)
	87856  -  ResidentSetSize of job (KB)
...
006 (5655312.000.000) 10/17 14:01:54 Image size of job updated: 96340
	86  -  MemoryUsage of job (MB)
	87856  -  ResidentSetSize of job (KB)
...
005 (5655312.000.000) 10/17 14:01:54 Job terminated.
	(1) Normal termination (return value 0)
		Usr 0 00:22:44, Sys 0 00:00:41  -  Run Remote Usage
		Usr 0 00:00:00, Sys 0 00:00:00  -  Run Local Usage
		Usr 0 00:22:44, Sys 0 00:00:41  -  Total Remote Usage
		Usr 0 00:00:00, Sys 0 00:00:00  -  Total Local Usage
	0  -  Run Bytes Sent By Job
	0  -  Run Bytes Received By Job
	0  -  Total Bytes Sent By Job
	0  -  Total Bytes Received By Job
	Partitionable Resources :    Usage  Request Allocated 
	   Cpus                 :     0.99        1         1 
	   Disk (KB)            :     1           1  15233519 
	   Gpus                 :                           0 
	   Memory (MB)          :    86           1      4027 
...
