000 (5655146.000.000) 10/17 13:36:40 Job submitted from host: <128.83.120.183:39637?addrs=128.83.120.183-39637>
...
009 (5655146.000.000) 10/17 13:37:43 Job was aborted by the user.
	via condor_rm (by user cli23)
...
000 (5655308.000.000) 10/17 13:38:24 Job submitted from host: <128.83.120.183:39637?addrs=128.83.120.183-39637>
...
001 (5655308.000.000) 10/17 13:38:31 Job executing on host: <128.83.139.6:43443?addrs=128.83.139.6-43443>
...
006 (5655308.000.000) 10/17 13:38:42 Image size of job updated: 24080
	24  -  MemoryUsage of job (MB)
	24080  -  ResidentSetSize of job (KB)
...
006 (5655308.000.000) 10/17 13:43:43 Image size of job updated: 41076
	41  -  MemoryUsage of job (MB)
	41076  -  ResidentSetSize of job (KB)
...
006 (5655308.000.000) 10/17 13:48:43 Image size of job updated: 57252
	56  -  MemoryUsage of job (MB)
	57252  -  ResidentSetSize of job (KB)
...
006 (5655308.000.000) 10/17 13:53:43 Image size of job updated: 75912
	75  -  MemoryUsage of job (MB)
	75912  -  ResidentSetSize of job (KB)
...
006 (5655308.000.000) 10/17 13:58:44 Image size of job updated: 96204
	94  -  MemoryUsage of job (MB)
	96204  -  ResidentSetSize of job (KB)
...
006 (5655308.000.000) 10/17 14:03:45 Image size of job updated: 118644
	116  -  MemoryUsage of job (MB)
	118644  -  ResidentSetSize of job (KB)
...
006 (5655308.000.000) 10/17 14:08:45 Image size of job updated: 132768
	130  -  MemoryUsage of job (MB)
	132768  -  ResidentSetSize of job (KB)
...
006 (5655308.000.000) 10/17 14:13:22 Image size of job updated: 134352
	130  -  MemoryUsage of job (MB)
	132768  -  ResidentSetSize of job (KB)
...
005 (5655308.000.000) 10/17 14:13:22 Job terminated.
	(1) Normal termination (return value 0)
		Usr 0 00:33:49, Sys 0 00:00:58  -  Run Remote Usage
		Usr 0 00:00:00, Sys 0 00:00:00  -  Run Local Usage
		Usr 0 00:33:49, Sys 0 00:00:58  -  Total Remote Usage
		Usr 0 00:00:00, Sys 0 00:00:00  -  Total Local Usage
	0  -  Run Bytes Sent By Job
	0  -  Run Bytes Received By Job
	0  -  Total Bytes Sent By Job
	0  -  Total Bytes Received By Job
	Partitionable Resources :    Usage  Request Allocated 
	   Cpus                 :     1.00        1         1 
	   Disk (KB)            :     1           1  19497001 
	   Gpus                 :                           0 
	   Memory (MB)          :   130           1     12899 
...
