000 (5655144.000.000) 10/17 13:36:40 Job submitted from host: <128.83.120.183:39637?addrs=128.83.120.183-39637>
...
009 (5655144.000.000) 10/17 13:37:43 Job was aborted by the user.
	via condor_rm (by user cli23)
...
000 (5655306.000.000) 10/17 13:38:24 Job submitted from host: <128.83.120.183:39637?addrs=128.83.120.183-39637>
...
001 (5655306.000.000) 10/17 13:38:31 Job executing on host: <128.83.139.6:43443?addrs=128.83.139.6-43443>
...
006 (5655306.000.000) 10/17 13:38:41 Image size of job updated: 24520
	24  -  MemoryUsage of job (MB)
	24256  -  ResidentSetSize of job (KB)
...
006 (5655306.000.000) 10/17 13:43:42 Image size of job updated: 50828
	50  -  MemoryUsage of job (MB)
	50564  -  ResidentSetSize of job (KB)
...
006 (5655306.000.000) 10/17 13:48:43 Image size of job updated: 59164
	58  -  MemoryUsage of job (MB)
	58900  -  ResidentSetSize of job (KB)
...
006 (5655306.000.000) 10/17 13:53:43 Image size of job updated: 68668
	67  -  MemoryUsage of job (MB)
	68404  -  ResidentSetSize of job (KB)
...
006 (5655306.000.000) 10/17 13:58:44 Image size of job updated: 76276
	75  -  MemoryUsage of job (MB)
	76012  -  ResidentSetSize of job (KB)
...
006 (5655306.000.000) 10/17 14:03:45 Image size of job updated: 90136
	88  -  MemoryUsage of job (MB)
	89872  -  ResidentSetSize of job (KB)
...
005 (5655306.000.000) 10/17 14:07:06 Job terminated.
	(1) Normal termination (return value 0)
		Usr 0 00:27:32, Sys 0 00:00:58  -  Run Remote Usage
		Usr 0 00:00:00, Sys 0 00:00:00  -  Run Local Usage
		Usr 0 00:27:32, Sys 0 00:00:58  -  Total Remote Usage
		Usr 0 00:00:00, Sys 0 00:00:00  -  Total Local Usage
	0  -  Run Bytes Sent By Job
	0  -  Run Bytes Received By Job
	0  -  Total Bytes Sent By Job
	0  -  Total Bytes Received By Job
	Partitionable Resources :    Usage  Request Allocated 
	   Cpus                 :     0.98        1         1 
	   Disk (KB)            :     1           1  19497001 
	   Gpus                 :                           0 
	   Memory (MB)          :    88           1     12899 
...
