000 (5655164.000.000) 10/17 13:36:42 Job submitted from host: <128.83.120.183:39637?addrs=128.83.120.183-39637>
...
009 (5655164.000.000) 10/17 13:37:43 Job was aborted by the user.
	via condor_rm (by user cli23)
...
000 (5655326.000.000) 10/17 13:38:26 Job submitted from host: <128.83.120.183:39637?addrs=128.83.120.183-39637>
...
001 (5655326.000.000) 10/17 13:38:31 Job executing on host: <128.83.139.150:40647?addrs=128.83.139.150-40647>
...
006 (5655326.000.000) 10/17 13:38:40 Image size of job updated: 24136
	24  -  MemoryUsage of job (MB)
	24136  -  ResidentSetSize of job (KB)
...
006 (5655326.000.000) 10/17 13:43:40 Image size of job updated: 47768
	47  -  MemoryUsage of job (MB)
	47768  -  ResidentSetSize of job (KB)
...
006 (5655326.000.000) 10/17 13:48:40 Image size of job updated: 71016
	70  -  MemoryUsage of job (MB)
	71016  -  ResidentSetSize of job (KB)
...
006 (5655326.000.000) 10/17 13:53:41 Image size of job updated: 95172
	93  -  MemoryUsage of job (MB)
	95172  -  ResidentSetSize of job (KB)
...
006 (5655326.000.000) 10/17 13:58:41 Image size of job updated: 118996
	117  -  MemoryUsage of job (MB)
	118996  -  ResidentSetSize of job (KB)
...
006 (5655326.000.000) 10/17 14:03:41 Image size of job updated: 138796
	136  -  MemoryUsage of job (MB)
	138796  -  ResidentSetSize of job (KB)
...
006 (5655326.000.000) 10/17 14:04:44 Image size of job updated: 142888
	136  -  MemoryUsage of job (MB)
	138796  -  ResidentSetSize of job (KB)
...
005 (5655326.000.000) 10/17 14:04:44 Job terminated.
	(1) Normal termination (return value 0)
		Usr 0 00:25:32, Sys 0 00:00:42  -  Run Remote Usage
		Usr 0 00:00:00, Sys 0 00:00:00  -  Run Local Usage
		Usr 0 00:25:32, Sys 0 00:00:42  -  Total Remote Usage
		Usr 0 00:00:00, Sys 0 00:00:00  -  Total Local Usage
	0  -  Run Bytes Sent By Job
	0  -  Run Bytes Received By Job
	0  -  Total Bytes Sent By Job
	0  -  Total Bytes Received By Job
	Partitionable Resources :    Usage  Request Allocated 
	   Cpus                 :     0.99        1         1 
	   Disk (KB)            :     1           1  15233519 
	   Gpus                 :                           0 
	   Memory (MB)          :   136           1      4027 
...
