000 (5655161.000.000) 10/17 13:36:41 Job submitted from host: <128.83.120.183:39637?addrs=128.83.120.183-39637>
...
009 (5655161.000.000) 10/17 13:37:43 Job was aborted by the user.
	via condor_rm (by user cli23)
...
000 (5655323.000.000) 10/17 13:38:25 Job submitted from host: <128.83.120.183:39637?addrs=128.83.120.183-39637>
...
001 (5655323.000.000) 10/17 13:38:31 Job executing on host: <128.83.144.211:41831?addrs=128.83.144.211-41831>
...
006 (5655323.000.000) 10/17 13:38:39 Image size of job updated: 24484
	24  -  MemoryUsage of job (MB)
	24220  -  ResidentSetSize of job (KB)
...
006 (5655323.000.000) 10/17 13:43:39 Image size of job updated: 28312
	28  -  MemoryUsage of job (MB)
	28048  -  ResidentSetSize of job (KB)
...
006 (5655323.000.000) 10/17 13:48:40 Image size of job updated: 29932
	29  -  MemoryUsage of job (MB)
	29668  -  ResidentSetSize of job (KB)
...
006 (5655323.000.000) 10/17 13:53:40 Image size of job updated: 30988
	31  -  MemoryUsage of job (MB)
	30724  -  ResidentSetSize of job (KB)
...
006 (5655323.000.000) 10/17 13:58:40 Image size of job updated: 31780
	31  -  MemoryUsage of job (MB)
	31516  -  ResidentSetSize of job (KB)
...
006 (5655323.000.000) 10/17 14:03:41 Image size of job updated: 33648
	33  -  MemoryUsage of job (MB)
	33384  -  ResidentSetSize of job (KB)
...
006 (5655323.000.000) 10/17 14:08:42 Image size of job updated: 34572
	34  -  MemoryUsage of job (MB)
	34308  -  ResidentSetSize of job (KB)
...
005 (5655323.000.000) 10/17 14:09:32 Job terminated.
	(1) Normal termination (return value 0)
		Usr 0 00:30:12, Sys 0 00:00:47  -  Run Remote Usage
		Usr 0 00:00:00, Sys 0 00:00:00  -  Run Local Usage
		Usr 0 00:30:12, Sys 0 00:00:47  -  Total Remote Usage
		Usr 0 00:00:00, Sys 0 00:00:00  -  Total Local Usage
	0  -  Run Bytes Sent By Job
	0  -  Run Bytes Received By Job
	0  -  Total Bytes Sent By Job
	0  -  Total Bytes Received By Job
	Partitionable Resources :    Usage  Request Allocated 
	   Cpus                 :     1.00        1         1 
	   Disk (KB)            :     1           1  15233519 
	   Gpus                 :                           0 
	   Memory (MB)          :    34           1      4027 
...
